------------------------------
Sat Jan 13 2018 12:03:11 PM
GET /welcomePage.html
HEADERS=> {
  "host": "localhost:8888",
  "connection": "keep-alive",
  "cache-control": "max-age=0",
  "user-agent": "Mozilla/5.0 (Macintosh; Intel Mac OS X 10_11_6) AppleWebKit/537.36 (KHTML, like Gecko) Chrome/63.0.3239.84 Safari/537.36",
  "upgrade-insecure-requests": "1",
  "accept": "text/html,application/xhtml+xml,application/xml;q=0.9,image/webp,image/apng,*/*;q=0.8",
  "referer": "http://localhost:8888/login",
  "accept-encoding": "gzip, deflate, br",
  "accept-language": "en-US,en;q=0.9",
  "cookie": "loginFailed=false,Expires=Thu, 01 Jan 1970 00:00:00 GMT; logInFailed=true; sessionid=1515825096564"
}
COOKIES=> {
  "loginFailed": "false,Expires",
  "logInFailed": "true",
  "sessionid": "1515825096564"
}
BODY=> {}
------------------------------
Sat Jan 13 2018 12:03:11 PM
GET /style/toDo.css
HEADERS=> {
  "host": "localhost:8888",
  "connection": "keep-alive",
  "user-agent": "Mozilla/5.0 (Macintosh; Intel Mac OS X 10_11_6) AppleWebKit/537.36 (KHTML, like Gecko) Chrome/63.0.3239.84 Safari/537.36",
  "accept": "text/css,*/*;q=0.1",
  "referer": "http://localhost:8888/welcomePage.html",
  "accept-encoding": "gzip, deflate, br",
  "accept-language": "en-US,en;q=0.9",
  "cookie": "loginFailed=false,Expires=Thu, 01 Jan 1970 00:00:00 GMT; logInFailed=true; sessionid=1515825096564"
}
COOKIES=> {
  "loginFailed": "false,Expires",
  "logInFailed": "true",
  "sessionid": "1515825096564"
}
BODY=> {}
------------------------------
Sat Jan 13 2018 12:03:15 PM
GET /
HEADERS=> {
  "host": "localhost:8888",
  "connection": "keep-alive",
  "user-agent": "Mozilla/5.0 (Macintosh; Intel Mac OS X 10_11_6) AppleWebKit/537.36 (KHTML, like Gecko) Chrome/63.0.3239.84 Safari/537.36",
  "upgrade-insecure-requests": "1",
  "accept": "text/html,application/xhtml+xml,application/xml;q=0.9,image/webp,image/apng,*/*;q=0.8",
  "accept-encoding": "gzip, deflate, br",
  "accept-language": "en-US,en;q=0.9",
  "cookie": "loginFailed=false,Expires=Thu, 01 Jan 1970 00:00:00 GMT; logInFailed=true; sessionid=1515825096564"
}
COOKIES=> {
  "loginFailed": "false,Expires",
  "logInFailed": "true",
  "sessionid": "1515825096564"
}
BODY=> {}
------------------------------
Sat Jan 13 2018 12:03:16 PM
GET /style/toDo.css
HEADERS=> {
  "host": "localhost:8888",
  "connection": "keep-alive",
  "user-agent": "Mozilla/5.0 (Macintosh; Intel Mac OS X 10_11_6) AppleWebKit/537.36 (KHTML, like Gecko) Chrome/63.0.3239.84 Safari/537.36",
  "accept": "text/css,*/*;q=0.1",
  "referer": "http://localhost:8888/",
  "accept-encoding": "gzip, deflate, br",
  "accept-language": "en-US,en;q=0.9",
  "cookie": "loginFailed=false,Expires=Thu, 01 Jan 1970 00:00:00 GMT; logInFailed=true; sessionid=1515825096564"
}
COOKIES=> {
  "loginFailed": "false,Expires",
  "logInFailed": "true",
  "sessionid": "1515825096564"
}
BODY=> {}
------------------------------
Sat Jan 13 2018 12:03:21 PM
GET /login
HEADERS=> {
  "host": "localhost:8888",
  "connection": "keep-alive",
  "upgrade-insecure-requests": "1",
  "user-agent": "Mozilla/5.0 (Macintosh; Intel Mac OS X 10_11_6) AppleWebKit/537.36 (KHTML, like Gecko) Chrome/63.0.3239.84 Safari/537.36",
  "accept": "text/html,application/xhtml+xml,application/xml;q=0.9,image/webp,image/apng,*/*;q=0.8",
  "referer": "http://localhost:8888/",
  "accept-encoding": "gzip, deflate, br",
  "accept-language": "en-US,en;q=0.9",
  "cookie": "loginFailed=false,Expires=Thu, 01 Jan 1970 00:00:00 GMT; logInFailed=true; sessionid=1515825096564"
}
COOKIES=> {
  "loginFailed": "false,Expires",
  "logInFailed": "true",
  "sessionid": "1515825096564"
}
BODY=> {}
------------------------------
Sat Jan 13 2018 12:03:21 PM
GET /style/toDo.css
HEADERS=> {
  "host": "localhost:8888",
  "connection": "keep-alive",
  "user-agent": "Mozilla/5.0 (Macintosh; Intel Mac OS X 10_11_6) AppleWebKit/537.36 (KHTML, like Gecko) Chrome/63.0.3239.84 Safari/537.36",
  "accept": "text/css,*/*;q=0.1",
  "referer": "http://localhost:8888/login",
  "accept-encoding": "gzip, deflate, br",
  "accept-language": "en-US,en;q=0.9",
  "cookie": "loginFailed=false,Expires=Thu, 01 Jan 1970 00:00:00 GMT; logInFailed=true; sessionid=1515825096564"
}
COOKIES=> {
  "loginFailed": "false,Expires",
  "logInFailed": "true",
  "sessionid": "1515825096564"
}
BODY=> {}
------------------------------
Sat Jan 13 2018 12:03:23 PM
GET /style/toDo.css
HEADERS=> {
  "host": "localhost:8888",
  "connection": "keep-alive",
  "user-agent": "Mozilla/5.0 (Macintosh; Intel Mac OS X 10_11_6) AppleWebKit/537.36 (KHTML, like Gecko) Chrome/63.0.3239.84 Safari/537.36",
  "accept": "text/css,*/*;q=0.1",
  "referer": "http://localhost:8888/login",
  "accept-encoding": "gzip, deflate, br",
  "accept-language": "en-US,en;q=0.9",
  "cookie": "loginFailed=false,Expires=Thu, 01 Jan 1970 00:00:00 GMT; logInFailed=true; sessionid=1515825096564"
}
COOKIES=> {
  "loginFailed": "false,Expires",
  "logInFailed": "true",
  "sessionid": "1515825096564"
}
BODY=> {}
------------------------------
Sat Jan 13 2018 12:03:29 PM
POST /login
HEADERS=> {
  "host": "localhost:8888",
  "connection": "keep-alive",
  "content-length": "27",
  "cache-control": "max-age=0",
  "origin": "http://localhost:8888",
  "upgrade-insecure-requests": "1",
  "content-type": "application/x-www-form-urlencoded",
  "user-agent": "Mozilla/5.0 (Macintosh; Intel Mac OS X 10_11_6) AppleWebKit/537.36 (KHTML, like Gecko) Chrome/63.0.3239.84 Safari/537.36",
  "accept": "text/html,application/xhtml+xml,application/xml;q=0.9,image/webp,image/apng,*/*;q=0.8",
  "referer": "http://localhost:8888/login",
  "accept-encoding": "gzip, deflate, br",
  "accept-language": "en-US,en;q=0.9",
  "cookie": "loginFailed=false,Expires=Thu, 01 Jan 1970 00:00:00 GMT; logInFailed=true; sessionid=1515825096564"
}
COOKIES=> {
  "loginFailed": "false,Expires",
  "logInFailed": "true",
  "sessionid": "1515825096564"
}
BODY=> {
  "userName": "Praveen",
  "Password": "g"
}
------------------------------
Sat Jan 13 2018 12:03:29 PM
GET /welcomePage.html
HEADERS=> {
  "host": "localhost:8888",
  "connection": "keep-alive",
  "cache-control": "max-age=0",
  "upgrade-insecure-requests": "1",
  "user-agent": "Mozilla/5.0 (Macintosh; Intel Mac OS X 10_11_6) AppleWebKit/537.36 (KHTML, like Gecko) Chrome/63.0.3239.84 Safari/537.36",
  "accept": "text/html,application/xhtml+xml,application/xml;q=0.9,image/webp,image/apng,*/*;q=0.8",
  "referer": "http://localhost:8888/login",
  "accept-encoding": "gzip, deflate, br",
  "accept-language": "en-US,en;q=0.9",
  "cookie": "loginFailed=false,Expires=Thu, 01 Jan 1970 00:00:00 GMT; logInFailed=true; sessionid=1515825209625"
}
COOKIES=> {
  "loginFailed": "false,Expires",
  "logInFailed": "true",
  "sessionid": "1515825209625"
}
BODY=> {}
------------------------------
Sat Jan 13 2018 12:03:29 PM
GET /style/toDo.css
HEADERS=> {
  "host": "localhost:8888",
  "connection": "keep-alive",
  "user-agent": "Mozilla/5.0 (Macintosh; Intel Mac OS X 10_11_6) AppleWebKit/537.36 (KHTML, like Gecko) Chrome/63.0.3239.84 Safari/537.36",
  "accept": "text/css,*/*;q=0.1",
  "referer": "http://localhost:8888/welcomePage.html",
  "accept-encoding": "gzip, deflate, br",
  "accept-language": "en-US,en;q=0.9",
  "cookie": "loginFailed=false,Expires=Thu, 01 Jan 1970 00:00:00 GMT; logInFailed=true; sessionid=1515825209625"
}
COOKIES=> {
  "loginFailed": "false,Expires",
  "logInFailed": "true",
  "sessionid": "1515825209625"
}
BODY=> {}
------------------------------
Sat Jan 13 2018 12:03:31 PM
GET /style/toDo.css
HEADERS=> {
  "host": "localhost:8888",
  "connection": "keep-alive",
  "user-agent": "Mozilla/5.0 (Macintosh; Intel Mac OS X 10_11_6) AppleWebKit/537.36 (KHTML, like Gecko) Chrome/63.0.3239.84 Safari/537.36",
  "accept": "text/css,*/*;q=0.1",
  "referer": "http://localhost:8888/welcomePage.html",
  "accept-encoding": "gzip, deflate, br",
  "accept-language": "en-US,en;q=0.9",
  "cookie": "loginFailed=false,Expires=Thu, 01 Jan 1970 00:00:00 GMT; logInFailed=true; sessionid=1515825209625"
}
COOKIES=> {
  "loginFailed": "false,Expires",
  "logInFailed": "true",
  "sessionid": "1515825209625"
}
BODY=> {}
------------------------------
Sat Jan 13 2018 12:04:04 PM
GET /login
HEADERS=> {
  "host": "localhost:8888",
  "connection": "keep-alive",
  "user-agent": "Mozilla/5.0 (Macintosh; Intel Mac OS X 10_11_6) AppleWebKit/537.36 (KHTML, like Gecko) Chrome/63.0.3239.84 Safari/537.36",
  "upgrade-insecure-requests": "1",
  "accept": "text/html,application/xhtml+xml,application/xml;q=0.9,image/webp,image/apng,*/*;q=0.8",
  "accept-encoding": "gzip, deflate, br",
  "accept-language": "en-US,en;q=0.9"
}
COOKIES=> {}
BODY=> {}
------------------------------
Sat Jan 13 2018 12:04:05 PM
GET /style/toDo.css
HEADERS=> {
  "host": "localhost:8888",
  "connection": "keep-alive",
  "user-agent": "Mozilla/5.0 (Macintosh; Intel Mac OS X 10_11_6) AppleWebKit/537.36 (KHTML, like Gecko) Chrome/63.0.3239.84 Safari/537.36",
  "accept": "text/css,*/*;q=0.1",
  "referer": "http://localhost:8888/login",
  "accept-encoding": "gzip, deflate, br",
  "accept-language": "en-US,en;q=0.9"
}
COOKIES=> {}
BODY=> {}
------------------------------
Sat Jan 13 2018 12:04:09 PM
GET /style/toDo.css
HEADERS=> {
  "host": "localhost:8888",
  "connection": "keep-alive",
  "user-agent": "Mozilla/5.0 (Macintosh; Intel Mac OS X 10_11_6) AppleWebKit/537.36 (KHTML, like Gecko) Chrome/63.0.3239.84 Safari/537.36",
  "accept": "text/css,*/*;q=0.1",
  "referer": "http://localhost:8888/login",
  "accept-encoding": "gzip, deflate, br",
  "accept-language": "en-US,en;q=0.9"
}
COOKIES=> {}
BODY=> {}
------------------------------
Sat Jan 13 2018 12:04:15 PM
POST /login
HEADERS=> {
  "host": "localhost:8888",
  "connection": "keep-alive",
  "content-length": "27",
  "cache-control": "max-age=0",
  "origin": "http://localhost:8888",
  "upgrade-insecure-requests": "1",
  "content-type": "application/x-www-form-urlencoded",
  "user-agent": "Mozilla/5.0 (Macintosh; Intel Mac OS X 10_11_6) AppleWebKit/537.36 (KHTML, like Gecko) Chrome/63.0.3239.84 Safari/537.36",
  "accept": "text/html,application/xhtml+xml,application/xml;q=0.9,image/webp,image/apng,*/*;q=0.8",
  "referer": "http://localhost:8888/login",
  "accept-encoding": "gzip, deflate, br",
  "accept-language": "en-US,en;q=0.9"
}
COOKIES=> {}
BODY=> {
  "userName": "Praveen",
  "Password": "g"
}
------------------------------
Sat Jan 13 2018 12:04:15 PM
GET /welcomePage.html
HEADERS=> {
  "host": "localhost:8888",
  "connection": "keep-alive",
  "cache-control": "max-age=0",
  "upgrade-insecure-requests": "1",
  "user-agent": "Mozilla/5.0 (Macintosh; Intel Mac OS X 10_11_6) AppleWebKit/537.36 (KHTML, like Gecko) Chrome/63.0.3239.84 Safari/537.36",
  "accept": "text/html,application/xhtml+xml,application/xml;q=0.9,image/webp,image/apng,*/*;q=0.8",
  "referer": "http://localhost:8888/login",
  "accept-encoding": "gzip, deflate, br",
  "accept-language": "en-US,en;q=0.9",
  "cookie": "sessionid=1515825255226"
}
COOKIES=> {
  "sessionid": "1515825255226"
}
BODY=> {}
------------------------------
Sat Jan 13 2018 12:04:15 PM
GET /style/toDo.css
HEADERS=> {
  "host": "localhost:8888",
  "connection": "keep-alive",
  "user-agent": "Mozilla/5.0 (Macintosh; Intel Mac OS X 10_11_6) AppleWebKit/537.36 (KHTML, like Gecko) Chrome/63.0.3239.84 Safari/537.36",
  "accept": "text/css,*/*;q=0.1",
  "referer": "http://localhost:8888/welcomePage.html",
  "accept-encoding": "gzip, deflate, br",
  "accept-language": "en-US,en;q=0.9",
  "cookie": "sessionid=1515825255226"
}
COOKIES=> {
  "sessionid": "1515825255226"
}
BODY=> {}
------------------------------
Sat Jan 13 2018 12:04:17 PM
GET /style/toDo.css
HEADERS=> {
  "host": "localhost:8888",
  "connection": "keep-alive",
  "user-agent": "Mozilla/5.0 (Macintosh; Intel Mac OS X 10_11_6) AppleWebKit/537.36 (KHTML, like Gecko) Chrome/63.0.3239.84 Safari/537.36",
  "accept": "text/css,*/*;q=0.1",
  "referer": "http://localhost:8888/welcomePage.html",
  "accept-encoding": "gzip, deflate, br",
  "accept-language": "en-US,en;q=0.9",
  "cookie": "sessionid=1515825255226"
}
COOKIES=> {
  "sessionid": "1515825255226"
}
BODY=> {}
------------------------------
Sat Jan 13 2018 12:04:28 PM
GET /logout
HEADERS=> {
  "host": "localhost:8888",
  "connection": "keep-alive",
  "user-agent": "Mozilla/5.0 (Macintosh; Intel Mac OS X 10_11_6) AppleWebKit/537.36 (KHTML, like Gecko) Chrome/63.0.3239.84 Safari/537.36",
  "upgrade-insecure-requests": "1",
  "accept": "text/html,application/xhtml+xml,application/xml;q=0.9,image/webp,image/apng,*/*;q=0.8",
  "accept-encoding": "gzip, deflate, br",
  "accept-language": "en-US,en;q=0.9",
  "cookie": "sessionid=1515825255226"
}
COOKIES=> {
  "sessionid": "1515825255226"
}
BODY=> {}
------------------------------
Sat Jan 13 2018 12:04:28 PM
GET /login
HEADERS=> {
  "host": "localhost:8888",
  "connection": "keep-alive",
  "user-agent": "Mozilla/5.0 (Macintosh; Intel Mac OS X 10_11_6) AppleWebKit/537.36 (KHTML, like Gecko) Chrome/63.0.3239.84 Safari/537.36",
  "upgrade-insecure-requests": "1",
  "accept": "text/html,application/xhtml+xml,application/xml;q=0.9,image/webp,image/apng,*/*;q=0.8",
  "accept-encoding": "gzip, deflate, br",
  "accept-language": "en-US,en;q=0.9",
  "cookie": "loginFailed=false,Expires=Thu, 01 Jan 1970 00:00:00 GMT; sessionid=0,Expires=Thu, 01 Jan 1970 00:00:00 GMT"
}
COOKIES=> {
  "loginFailed": "false,Expires",
  "sessionid": "0,Expires"
}
BODY=> {}
------------------------------
Sat Jan 13 2018 12:04:28 PM
GET /style/toDo.css
HEADERS=> {
  "host": "localhost:8888",
  "connection": "keep-alive",
  "user-agent": "Mozilla/5.0 (Macintosh; Intel Mac OS X 10_11_6) AppleWebKit/537.36 (KHTML, like Gecko) Chrome/63.0.3239.84 Safari/537.36",
  "accept": "text/css,*/*;q=0.1",
  "referer": "http://localhost:8888/login",
  "accept-encoding": "gzip, deflate, br",
  "accept-language": "en-US,en;q=0.9",
  "cookie": "loginFailed=false,Expires=Thu, 01 Jan 1970 00:00:00 GMT; sessionid=0,Expires=Thu, 01 Jan 1970 00:00:00 GMT"
}
COOKIES=> {
  "loginFailed": "false,Expires",
  "sessionid": "0,Expires"
}
BODY=> {}
------------------------------
Sat Jan 13 2018 12:04:30 PM
GET /style/toDo.css
HEADERS=> {
  "host": "localhost:8888",
  "connection": "keep-alive",
  "user-agent": "Mozilla/5.0 (Macintosh; Intel Mac OS X 10_11_6) AppleWebKit/537.36 (KHTML, like Gecko) Chrome/63.0.3239.84 Safari/537.36",
  "accept": "text/css,*/*;q=0.1",
  "referer": "http://localhost:8888/login",
  "accept-encoding": "gzip, deflate, br",
  "accept-language": "en-US,en;q=0.9",
  "cookie": "loginFailed=false,Expires=Thu, 01 Jan 1970 00:00:00 GMT; sessionid=0,Expires=Thu, 01 Jan 1970 00:00:00 GMT"
}
COOKIES=> {
  "loginFailed": "false,Expires",
  "sessionid": "0,Expires"
}
BODY=> {}
